

Started GET "/" for 127.0.0.1 at 2014-07-22 21:52:42 +0800

AbstractController::ActionNotFound (The action 'index' could not be found for StaticPagesController):
  actionpack (4.0.4) lib/abstract_controller/base.rb:131:in `process'
  actionpack (4.0.4) lib/abstract_controller/rendering.rb:44:in `process'
  actionpack (4.0.4) lib/action_controller/metal.rb:195:in `dispatch'
  actionpack (4.0.4) lib/action_controller/metal/rack_delegation.rb:13:in `dispatch'
  actionpack (4.0.4) lib/action_controller/metal.rb:231:in `block in action'
  actionpack (4.0.4) lib/action_dispatch/routing/route_set.rb:80:in `call'
  actionpack (4.0.4) lib/action_dispatch/routing/route_set.rb:80:in `dispatch'
  actionpack (4.0.4) lib/action_dispatch/routing/route_set.rb:48:in `call'
  actionpack (4.0.4) lib/action_dispatch/journey/router.rb:71:in `block in call'
  actionpack (4.0.4) lib/action_dispatch/journey/router.rb:59:in `each'
  actionpack (4.0.4) lib/action_dispatch/journey/router.rb:59:in `call'
  actionpack (4.0.4) lib/action_dispatch/routing/route_set.rb:674:in `call'
  /usr/lib/ruby/vendor_ruby/rack/etag.rb:23:in `call'
  /usr/lib/ruby/vendor_ruby/rack/conditionalget.rb:25:in `call'
  /usr/lib/ruby/vendor_ruby/rack/head.rb:11:in `call'
  actionpack (4.0.4) lib/action_dispatch/middleware/params_parser.rb:27:in `call'
  actionpack (4.0.4) lib/action_dispatch/middleware/flash.rb:241:in `call'
  /usr/lib/ruby/vendor_ruby/rack/session/abstract/id.rb:225:in `context'
  /usr/lib/ruby/vendor_ruby/rack/session/abstract/id.rb:220:in `call'
  actionpack (4.0.4) lib/action_dispatch/middleware/cookies.rb:486:in `call'
  activerecord (4.0.4) lib/active_record/query_cache.rb:36:in `call'
  activerecord (4.0.4) lib/active_record/connection_adapters/abstract/connection_pool.rb:626:in `call'
  activerecord (4.0.4) lib/active_record/migration.rb:373:in `call'
  actionpack (4.0.4) lib/action_dispatch/middleware/callbacks.rb:29:in `block in call'
  activesupport (4.0.4) lib/active_support/callbacks.rb:373:in `_run__432525705__call__callbacks'
  activesupport (4.0.4) lib/active_support/callbacks.rb:80:in `run_callbacks'
  actionpack (4.0.4) lib/action_dispatch/middleware/callbacks.rb:27:in `call'
  actionpack (4.0.4) lib/action_dispatch/middleware/reloader.rb:64:in `call'
  actionpack (4.0.4) lib/action_dispatch/middleware/remote_ip.rb:76:in `call'
  actionpack (4.0.4) lib/action_dispatch/middleware/debug_exceptions.rb:17:in `call'
  actionpack (4.0.4) lib/action_dispatch/middleware/show_exceptions.rb:30:in `call'
  railties (4.0.4) lib/rails/rack/logger.rb:38:in `call_app'
  railties (4.0.4) lib/rails/rack/logger.rb:20:in `block in call'
  activesupport (4.0.4) lib/active_support/tagged_logging.rb:68:in `block in tagged'
  activesupport (4.0.4) lib/active_support/tagged_logging.rb:26:in `tagged'
  activesupport (4.0.4) lib/active_support/tagged_logging.rb:68:in `tagged'
  railties (4.0.4) lib/rails/rack/logger.rb:20:in `call'
  actionpack (4.0.4) lib/action_dispatch/middleware/request_id.rb:21:in `call'
  /usr/lib/ruby/vendor_ruby/rack/methodoverride.rb:21:in `call'
  /usr/lib/ruby/vendor_ruby/rack/runtime.rb:17:in `call'
  activesupport (4.0.4) lib/active_support/cache/strategy/local_cache.rb:83:in `call'
  /usr/lib/ruby/vendor_ruby/rack/lock.rb:17:in `call'
  actionpack (4.0.4) lib/action_dispatch/middleware/static.rb:64:in `call'
  /usr/lib/ruby/vendor_ruby/rack/sendfile.rb:112:in `call'
  railties (4.0.4) lib/rails/engine.rb:511:in `call'
  railties (4.0.4) lib/rails/application.rb:97:in `call'
  /usr/lib/ruby/vendor_ruby/rack/lock.rb:17:in `call'
  /usr/lib/ruby/vendor_ruby/rack/content_length.rb:14:in `call'
  /usr/lib/ruby/vendor_ruby/rack/handler/webrick.rb:60:in `service'
  /usr/lib/ruby/2.1.0/webrick/httpserver.rb:138:in `service'
  /usr/lib/ruby/2.1.0/webrick/httpserver.rb:94:in `run'
  /usr/lib/ruby/2.1.0/webrick/server.rb:295:in `block in start_thread'


  Rendered /var/lib/gems/2.1.0/gems/actionpack-4.0.4/lib/action_dispatch/middleware/templates/rescues/unknown_action.erb within rescues/layout (112.3ms)


Started GET "/" for 127.0.0.1 at 2014-07-22 21:55:08 +0800
Processing by StaticPagesController#home as HTML
  Rendered static_pages/home.html.erb within layouts/application (1.0ms)
Completed 200 OK in 6302ms (Views: 6300.2ms | ActiveRecord: 0.0ms)


Started GET "/assets/application.css?body=1" for 127.0.0.1 at 2014-07-22 21:55:14 +0800


Started GET "/assets/static_pages.js?body=1" for 127.0.0.1 at 2014-07-22 21:55:14 +0800


Started GET "/assets/turbolinks.js?body=1" for 127.0.0.1 at 2014-07-22 21:55:15 +0800


Started GET "/assets/jquery_ujs.js?body=1" for 127.0.0.1 at 2014-07-22 21:55:15 +0800


Started GET "/assets/static_pages.css?body=1" for 127.0.0.1 at 2014-07-22 21:55:15 +0800


Started GET "/assets/jquery.js?body=1" for 127.0.0.1 at 2014-07-22 21:55:15 +0800


Started GET "/assets/application.js?body=1" for 127.0.0.1 at 2014-07-22 21:55:15 +0800


Started GET "/" for 127.0.0.1 at 2014-07-22 22:00:17 +0800
Processing by Rails::WelcomeController#index as HTML
  Rendered /var/lib/gems/2.1.0/gems/railties-4.0.4/lib/rails/templates/rails/welcome/index.html.erb (9.4ms)
Completed 200 OK in 57ms (Views: 56.2ms | ActiveRecord: 0.0ms)


Started GET "/static_pages/home" for 127.0.0.1 at 2014-07-22 22:02:20 +0800
Processing by StaticPagesController#home as HTML
  Rendered static_pages/home.html.erb within layouts/application (0.9ms)
Completed 200 OK in 488ms (Views: 487.0ms | ActiveRecord: 0.0ms)


Started GET "/assets/application.css?body=1" for 127.0.0.1 at 2014-07-22 22:02:21 +0800


Started GET "/assets/static_pages.js?body=1" for 127.0.0.1 at 2014-07-22 22:02:21 +0800


Started GET "/assets/turbolinks.js?body=1" for 127.0.0.1 at 2014-07-22 22:02:21 +0800


Started GET "/assets/jquery_ujs.js?body=1" for 127.0.0.1 at 2014-07-22 22:02:21 +0800


Started GET "/assets/jquery.js?body=1" for 127.0.0.1 at 2014-07-22 22:02:21 +0800


Started GET "/assets/static_pages.css?body=1" for 127.0.0.1 at 2014-07-22 22:02:21 +0800


Started GET "/assets/application.js?body=1" for 127.0.0.1 at 2014-07-22 22:02:21 +0800


Started GET "/static_pages/help" for 127.0.0.1 at 2014-07-22 22:03:15 +0800
Processing by StaticPagesController#help as HTML
  Rendered static_pages/help.html.erb within layouts/application (0.9ms)
Completed 200 OK in 50ms (Views: 48.9ms | ActiveRecord: 0.0ms)


Started GET "/assets/application.css?body=1" for 127.0.0.1 at 2014-07-22 22:03:15 +0800


Started GET "/assets/jquery.js?body=1" for 127.0.0.1 at 2014-07-22 22:03:15 +0800


Started GET "/assets/static_pages.css?body=1" for 127.0.0.1 at 2014-07-22 22:03:15 +0800


Started GET "/assets/jquery_ujs.js?body=1" for 127.0.0.1 at 2014-07-22 22:03:15 +0800


Started GET "/assets/static_pages.js?body=1" for 127.0.0.1 at 2014-07-22 22:03:15 +0800


Started GET "/assets/turbolinks.js?body=1" for 127.0.0.1 at 2014-07-22 22:03:15 +0800


Started GET "/assets/application.js?body=1" for 127.0.0.1 at 2014-07-22 22:03:15 +0800
